[1130/152245.839:ERROR:process_reader_win.cc(123)] NtOpenThread: {无法访问} 过程已请求访问一对象，但未给访问权限。 (0xc0000022)
[1130/152245.871:ERROR:exception_snapshot_win.cc(88)] thread ID 9748 not found in process
[1130/162102.183:ERROR:process_reader_win.cc(123)] NtOpenThread: {无法访问} 过程已请求访问一对象，但未给访问权限。 (0xc0000022)
[1130/162102.194:ERROR:exception_snapshot_win.cc(88)] thread ID 6588 not found in process
[1130/162102.466:ERROR:process_reader_win.cc(123)] NtOpenThread: {无法访问} 过程已请求访问一对象，但未给访问权限。 (0xc0000022)
[1130/162102.466:ERROR:exception_snapshot_win.cc(88)] thread ID 9892 not found in process
[1130/162318.731:ERROR:process_reader_win.cc(123)] NtOpenThread: {无法访问} 过程已请求访问一对象，但未给访问权限。 (0xc0000022)
[1130/162318.766:ERROR:exception_snapshot_win.cc(88)] thread ID 13548 not found in process
[1130/163725.598:ERROR:process_reader_win.cc(123)] NtOpenThread: {无法访问} 过程已请求访问一对象，但未给访问权限。 (0xc0000022)
[1130/163725.600:ERROR:exception_snapshot_win.cc(88)] thread ID 7208 not found in process
[1130/163800.431:ERROR:process_reader_win.cc(123)] NtOpenThread: {无法访问} 过程已请求访问一对象，但未给访问权限。 (0xc0000022)
[1130/163800.432:ERROR:exception_snapshot_win.cc(88)] thread ID 9156 not found in process
[1202/140713.058:ERROR:process_reader_win.cc(123)] NtOpenThread: {无法访问} 过程已请求访问一对象，但未给访问权限。 (0xc0000022)
[1202/140713.090:ERROR:exception_snapshot_win.cc(88)] thread ID 5852 not found in process
[1202/150138.867:ERROR:process_reader_win.cc(123)] NtOpenThread: {无法访问} 过程已请求访问一对象，但未给访问权限。 (0xc0000022)
[1202/150139.705:ERROR:exception_snapshot_win.cc(88)] thread ID 9600 not found in process
[1202/152736.730:ERROR:process_reader_win.cc(242)] ReadMemory at 0x7ff6d8b60000 of 64 bytes failed: 仅完成部分的 ReadProcessMemory 或 WriteProcessMemory 请求。 (0x12B)
[1202/152736.739:WARNING:pe_image_reader.cc(302)] could not read dos header from C:\Program Files (x86)\Google\Chrome\Application\chrome.exe
[1202/152736.739:ERROR:process_reader_win.cc(242)] ReadMemory at 0x7ffca4dd0000 of 64 bytes failed: 仅完成部分的 ReadProcessMemory 或 WriteProcessMemory 请求。 (0x12B)
[1202/152736.739:WARNING:pe_image_reader.cc(302)] could not read dos header from C:\WINDOWS\SYSTEM32\ntdll.dll
[1202/152736.739:ERROR:process_reader_win.cc(242)] ReadMemory at 0x7ffca4ce0000 of 64 bytes failed: 仅完成部分的 ReadProcessMemory 或 WriteProcessMemory 请求。 (0x12B)
[1202/152736.739:WARNING:pe_image_reader.cc(302)] could not read dos header from C:\WINDOWS\System32\KERNEL32.DLL
[1202/152736.739:ERROR:process_reader_win.cc(242)] ReadMemory at 0x7ffca1d90000 of 64 bytes failed: 仅完成部分的 ReadProcessMemory 或 WriteProcessMemory 请求。 (0x12B)
[1202/152736.739:WARNING:pe_image_reader.cc(302)] could not read dos header from C:\WINDOWS\System32\KERNELBASE.dll
[1202/152736.739:ERROR:process_reader_win.cc(242)] ReadMemory at 0x7ffc9e7b0000 of 64 bytes failed: 仅完成部分的 ReadProcessMemory 或 WriteProcessMemory 请求。 (0x12B)
[1202/152736.739:WARNING:pe_image_reader.cc(302)] could not read dos header from C:\WINDOWS\SYSTEM32\apphelp.dll
[1202/152736.739:ERROR:process_reader_win.cc(242)] ReadMemory at 0x7ffca2f40000 of 64 bytes failed: 仅完成部分的 ReadProcessMemory 或 WriteProcessMemory 请求。 (0x12B)
[1202/152736.739:WARNING:pe_image_reader.cc(302)] could not read dos header from C:\WINDOWS\System32\SHELL32.dll
[1202/152736.739:ERROR:process_reader_win.cc(242)] ReadMemory at 0x7ffca2ea0000 of 64 bytes failed: 仅完成部分的 ReadProcessMemory 或 WriteProcessMemory 请求。 (0x12B)
[1202/152736.739:WARNING:pe_image_reader.cc(302)] could not read dos header from C:\WINDOWS\System32\msvcrt.dll
[1202/152736.739:ERROR:process_reader_win.cc(242)] ReadMemory at 0x7ffca2210000 of 64 bytes failed: 仅完成部分的 ReadProcessMemory 或 WriteProcessMemory 请求。 (0x12B)
[1202/152736.739:WARNING:pe_image_reader.cc(302)] could not read dos header from C:\WINDOWS\System32\cfgmgr32.dll
[1202/152736.739:ERROR:process_reader_win.cc(242)] ReadMemory at 0x7ffca1c90000 of 64 bytes failed: 仅完成部分的 ReadProcessMemory 或 WriteProcessMemory 请求。 (0x12B)
[1202/152736.756:WARNING:pe_image_reader.cc(302)] could not read dos header from C:\WINDOWS\System32\ucrtbase.dll
[1202/152736.756:ERROR:process_reader_win.cc(242)] ReadMemory at 0x7ffca46e0000 of 64 bytes failed: 仅完成部分的 ReadProcessMemory 或 WriteProcessMemory 请求。 (0x12B)
[1202/152736.756:WARNING:pe_image_reader.cc(302)] could not read dos header from C:\WINDOWS\System32\shcore.dll
[1202/152736.756:ERROR:process_reader_win.cc(242)] ReadMemory at 0x7ffca4450000 of 64 bytes failed: 仅完成部分的 ReadProcessMemory 或 WriteProcessMemory 请求。 (0x12B)
[1202/152736.756:WARNING:pe_image_reader.cc(302)] could not read dos header from C:\WINDOWS\System32\RPCRT4.dll
[1202/152736.756:ERROR:process_reader_win.cc(242)] ReadMemory at 0x7ffca2820000 of 64 bytes failed: 仅完成部分的 ReadProcessMemory 或 WriteProcessMemory 请求。 (0x12B)
[1202/152736.756:WARNING:pe_image_reader.cc(302)] could not read dos header from C:\WINDOWS\System32\combase.dll
[1202/152736.756:ERROR:process_reader_win.cc(242)] ReadMemory at 0x7ffca11a0000 of 64 bytes failed: 仅完成部分的 ReadProcessMemory 或 WriteProcessMemory 请求。 (0x12B)
[1202/152736.756:WARNING:pe_image_reader.cc(302)] could not read dos header from C:\WINDOWS\System32\bcryptPrimitives.dll
[1202/152736.756:ERROR:process_reader_win.cc(242)] ReadMemory at 0x7ffca14e0000 of 64 bytes failed: 仅完成部分的 ReadProcessMemory 或 WriteProcessMemory 请求。 (0x12B)
[1202/152736.756:WARNING:pe_image_reader.cc(302)] could not read dos header from C:\WINDOWS\System32\windows.storage.dll
[1202/152736.756:ERROR:process_reader_win.cc(242)] ReadMemory at 0x7ffca26b0000 of 64 bytes failed: 仅完成部分的 ReadProcessMemory 或 WriteProcessMemory 请求。 (0x12B)
[1202/152736.756:WARNING:pe_image_reader.cc(302)] could not read dos header from C:\WINDOWS\System32\advapi32.dll
[1202/152736.756:ERROR:process_reader_win.cc(242)] ReadMemory at 0x7ffca48f0000 of 64 bytes failed: 仅完成部分的 ReadProcessMemory 或 WriteProcessMemory 请求。 (0x12B)
[1202/152736.756:WARNING:pe_image_reader.cc(302)] could not read dos header from C:\WINDOWS\System32\sechost.dll
[1202/152736.756:ERROR:process_reader_win.cc(242)] ReadMemory at 0x7ffca4ae0000 of 64 bytes failed: 仅完成部分的 ReadProcessMemory 或 WriteProcessMemory 请求。 (0x12B)
[1202/152736.756:WARNING:pe_image_reader.cc(302)] could not read dos header from C:\WINDOWS\System32\shlwapi.dll
[1202/152736.756:ERROR:process_reader_win.cc(242)] ReadMemory at 0x7ffca2cf0000 of 64 bytes failed: 仅完成部分的 ReadProcessMemory 或 WriteProcessMemory 请求。 (0x12B)
[1202/152736.756:WARNING:pe_image_reader.cc(302)] could not read dos header from C:\WINDOWS\System32\GDI32.dll
[1202/152736.756:ERROR:process_reader_win.cc(242)] ReadMemory at 0x7ffca2070000 of 64 bytes failed: 仅完成部分的 ReadProcessMemory 或 WriteProcessMemory 请求。 (0x12B)
[1202/152736.756:WARNING:pe_image_reader.cc(302)] could not read dos header from C:\WINDOWS\System32\gdi32full.dll
[1202/152736.756:ERROR:process_reader_win.cc(242)] ReadMemory at 0x7ffca1bf0000 of 64 bytes failed: 仅完成部分的 ReadProcessMemory 或 WriteProcessMemory 请求。 (0x12B)
[1202/152736.756:WARNING:pe_image_reader.cc(302)] could not read dos header from C:\WINDOWS\System32\msvcp_win.dll
[1202/152736.756:ERROR:process_reader_win.cc(242)] ReadMemory at 0x7ffca4b50000 of 64 bytes failed: 仅完成部分的 ReadProcessMemory 或 WriteProcessMemory 请求。 (0x12B)
[1202/152736.756:WARNING:pe_image_reader.cc(302)] could not read dos header from C:\WINDOWS\System32\USER32.dll
[1202/152736.756:ERROR:process_reader_win.cc(242)] ReadMemory at 0x7ffca12d0000 of 64 bytes failed: 仅完成部分的 ReadProcessMemory 或 WriteProcessMemory 请求。 (0x12B)
[1202/152736.757:WARNING:pe_image_reader.cc(302)] could not read dos header from C:\WINDOWS\System32\win32u.dll
[1202/152736.757:ERROR:process_reader_win.cc(242)] ReadMemory at 0x7ffca1160000 of 64 bytes failed: 仅完成部分的 ReadProcessMemory 或 WriteProcessMemory 请求。 (0x12B)
[1202/152736.757:WARNING:pe_image_reader.cc(302)] could not read dos header from C:\WINDOWS\System32\kernel.appcore.dll
[1202/152736.757:ERROR:process_reader_win.cc(242)] ReadMemory at 0x7ffca1140000 of 64 bytes failed: 仅完成部分的 ReadProcessMemory 或 WriteProcessMemory 请求。 (0x12B)
[1202/152736.757:WARNING:pe_image_reader.cc(302)] could not read dos header from C:\WINDOWS\System32\profapi.dll
[1202/152736.757:ERROR:process_reader_win.cc(242)] ReadMemory at 0x7ffca10e0000 of 64 bytes failed: 仅完成部分的 ReadProcessMemory 或 WriteProcessMemory 请求。 (0x12B)
[1202/152736.757:WARNING:pe_image_reader.cc(302)] could not read dos header from C:\WINDOWS\System32\powrprof.dll
[1202/152736.757:ERROR:process_reader_win.cc(242)] ReadMemory at 0x7ffca1130000 of 64 bytes failed: 仅完成部分的 ReadProcessMemory 或 WriteProcessMemory 请求。 (0x12B)
[1202/152736.757:WARNING:pe_image_reader.cc(302)] could not read dos header from C:\WINDOWS\System32\FLTLIB.DLL
[1202/152736.757:ERROR:process_reader_win.cc(242)] ReadMemory at 0x7ffca4ad0000 of 64 bytes failed: 仅完成部分的 ReadProcessMemory 或 WriteProcessMemory 请求。 (0x12B)
[1202/152736.757:WARNING:pe_image_reader.cc(302)] could not read dos header from C:\WINDOWS\System32\PSAPI.DLL
[1202/152736.757:ERROR:process_reader_win.cc(242)] ReadMemory at 0x7ffc79400000 of 64 bytes failed: 仅完成部分的 ReadProcessMemory 或 WriteProcessMemory 请求。 (0x12B)
[1202/152736.757:WARNING:pe_image_reader.cc(302)] could not read dos header from C:\Program Files (x86)\Google\Chrome\Application\70.0.3538.110\chrome_elf.dll
[1202/152736.758:ERROR:process_reader_win.cc(242)] ReadMemory at 0x7ffc9ab50000 of 64 bytes failed: 仅完成部分的 ReadProcessMemory 或 WriteProcessMemory 请求。 (0x12B)
[1202/152736.758:WARNING:pe_image_reader.cc(302)] could not read dos header from C:\WINDOWS\SYSTEM32\VERSION.dll
[1202/152736.758:ERROR:process_reader_win.cc(242)] ReadMemory at 0x7ffc9d0b0000 of 64 bytes failed: 仅完成部分的 ReadProcessMemory 或 WriteProcessMemory 请求。 (0x12B)
[1202/152736.758:WARNING:pe_image_reader.cc(302)] could not read dos header from C:\WINDOWS\SYSTEM32\WINMM.dll
[1202/152736.758:ERROR:process_reader_win.cc(242)] ReadMemory at 0x7ffca0fe0000 of 64 bytes failed: 仅完成部分的 ReadProcessMemory 或 WriteProcessMemory 请求。 (0x12B)
[1202/152736.758:WARNING:pe_image_reader.cc(302)] could not read dos header from C:\WINDOWS\SYSTEM32\USERENV.dll
[1202/152736.758:ERROR:process_reader_win.cc(242)] ReadMemory at 0x7ffc9d080000 of 64 bytes failed: 仅完成部分的 ReadProcessMemory 或 WriteProcessMemory 请求。 (0x12B)
[1202/152736.758:WARNING:pe_image_reader.cc(302)] could not read dos header from C:\WINDOWS\SYSTEM32\WINMMBASE.dll
[1202/152736.758:ERROR:process_reader_win.cc(242)] ReadMemory at 0x7ffca0b30000 of 64 bytes failed: 仅完成部分的 ReadProcessMemory 或 WriteProcessMemory 请求。 (0x12B)
[1202/152736.758:WARNING:pe_image_reader.cc(302)] could not read dos header from C:\WINDOWS\SYSTEM32\CRYPTBASE.DLL
[1202/152736.758:ERROR:process_reader_win.cc(242)] ReadMemory at 0x7ffca4950000 of 64 bytes failed: 仅完成部分的 ReadProcessMemory 或 WriteProcessMemory 请求。 (0x12B)
[1202/152736.758:WARNING:pe_image_reader.cc(302)] could not read dos header from C:\WINDOWS\System32\IMM32.DLL
[1202/152736.758:ERROR:process_reader_win.cc(242)] ReadMemory at 0x7ffc4f880000 of 64 bytes failed: 仅完成部分的 ReadProcessMemory 或 WriteProcessMemory 请求。 (0x12B)
[1202/152736.758:WARNING:pe_image_reader.cc(302)] could not read dos header from C:\Program Files (x86)\Google\Chrome\Application\70.0.3538.110\chrome_child.dll
[1202/152736.758:ERROR:process_reader_win.cc(242)] ReadMemory at 0x7ffca4820000 of 64 bytes failed: 仅完成部分的 ReadProcessMemory 或 WriteProcessMemory 请求。 (0x12B)
[1202/152736.758:WARNING:pe_image_reader.cc(302)] could not read dos header from C:\WINDOWS\System32\WS2_32.dll
[1202/152736.758:ERROR:process_reader_win.cc(242)] ReadMemory at 0x7ffca4580000 of 64 bytes failed: 仅完成部分的 ReadProcessMemory 或 WriteProcessMemory 请求。 (0x12B)
[1202/152736.758:WARNING:pe_image_reader.cc(302)] could not read dos header from C:\WINDOWS\System32\ole32.dll
[1202/152736.758:ERROR:process_reader_win.cc(242)] ReadMemory at 0x7ffca4380000 of 64 bytes failed: 仅完成部分的 ReadProcessMemory 或 WriteProcessMemory 请求。 (0x12B)
[1202/152736.758:WARNING:pe_image_reader.cc(302)] could not read dos header from C:\WINDOWS\System32\OLEAUT32.dll
[1202/152736.758:ERROR:process_reader_win.cc(242)] ReadMemory at 0x7ffca2010000 of 64 bytes failed: 仅完成部分的 ReadProcessMemory 或 WriteProcessMemory 请求。 (0x12B)
[1202/152736.758:WARNING:pe_image_reader.cc(302)] could not read dos header from C:\WINDOWS\System32\WINTRUST.dll
[1202/152736.758:ERROR:process_reader_win.cc(242)] ReadMemory at 0x7ffca1180000 of 64 bytes failed: 仅完成部分的 ReadProcessMemory 或 WriteProcessMemory 请求。 (0x12B)
[1202/152736.758:WARNING:pe_image_reader.cc(302)] could not read dos header from C:\WINDOWS\System32\MSASN1.dll
[1202/152736.758:ERROR:process_reader_win.cc(242)] ReadMemory at 0x7ffca12f0000 of 64 bytes failed: 仅完成部分的 ReadProcessMemory 或 WriteProcessMemory 请求。 (0x12B)
[1202/152736.758:WARNING:pe_image_reader.cc(302)] could not read dos header from C:\WINDOWS\System32\CRYPT32.dll
[1202/152736.758:ERROR:process_reader_win.cc(242)] ReadMemory at 0x7ffca49e0000 of 64 bytes failed: 仅完成部分的 ReadProcessMemory 或 WriteProcessMemory 请求。 (0x12B)
[1202/152736.758:WARNING:pe_image_reader.cc(302)] could not read dos header from C:\WINDOWS\System32\COMDLG32.dll
[1202/152736.758:ERROR:process_reader_win.cc(242)] ReadMemory at 0x7ffca06e0000 of 64 bytes failed: 仅完成部分的 ReadProcessMemory 或 WriteProcessMemory 请求。 (0x12B)
[1202/152736.758:WARNING:pe_image_reader.cc(302)] could not read dos header from C:\WINDOWS\SYSTEM32\IPHLPAPI.DLL
[1202/152736.758:ERROR:process_reader_win.cc(242)] ReadMemory at 0x7ffc9a090000 of 64 bytes failed: 仅完成部分的 ReadProcessMemory 或 WriteProcessMemory 请求。 (0x12B)
[1202/152736.758:WARNING:pe_image_reader.cc(302)] could not read dos header from C:\WINDOWS\SYSTEM32\msdmo.dll
[1202/152736.758:ERROR:process_reader_win.cc(242)] ReadMemory at 0x7ffc95e40000 of 64 bytes failed: 仅完成部分的 ReadProcessMemory 或 WriteProcessMemory 请求。 (0x12B)
[1202/152736.758:WARNING:pe_image_reader.cc(302)] could not read dos header from C:\WINDOWS\WinSxS\amd64_microsoft.windows.common-controls_6595b64144ccf1df_6.0.17134.407_none_fb449d63306391e9\COMCTL32.dll
[1202/152736.758:ERROR:process_reader_win.cc(242)] ReadMemory at 0x7ffc94470000 of 64 bytes failed: 仅完成部分的 ReadProcessMemory 或 WriteProcessMemory 请求。 (0x12B)
[1202/152736.758:WARNING:pe_image_reader.cc(302)] could not read dos header from C:\WINDOWS\SYSTEM32\DWrite.dll
[1202/152736.758:ERROR:process_reader_win.cc(242)] ReadMemory at 0x7ffc9ac40000 of 64 bytes failed: 仅完成部分的 ReadProcessMemory 或 WriteProcessMemory 请求。 (0x12B)
[1202/152736.758:WARNING:pe_image_reader.cc(302)] could not read dos header from C:\WINDOWS\SYSTEM32\WINSPOOL.DRV
[1202/152736.758:ERROR:process_reader_win.cc(242)] ReadMemory at 0x7ffc9f9c0000 of 64 bytes failed: 仅完成部分的 ReadProcessMemory 或 WriteProcessMemory 请求。 (0x12B)
[1202/152736.758:WARNING:pe_image_reader.cc(302)] could not read dos header from C:\WINDOWS\SYSTEM32\dbghelp.dll
[1202/152736.758:ERROR:process_reader_win.cc(242)] ReadMemory at 0x7ffc9d110000 of 64 bytes failed: 仅完成部分的 ReadProcessMemory 或 WriteProcessMemory 请求。 (0x12B)
[1202/152736.758:WARNING:pe_image_reader.cc(302)] could not read dos header from C:\WINDOWS\SYSTEM32\USP10.dll
[1202/152736.758:ERROR:process_reader_win.cc(242)] ReadMemory at 0x7ffc9fea0000 of 64 bytes failed: 仅完成部分的 ReadProcessMemory 或 WriteProcessMemory 请求。 (0x12B)
[1202/152736.758:WARNING:pe_image_reader.cc(302)] could not read dos header from C:\WINDOWS\SYSTEM32\dxgi.dll
[1202/152736.758:ERROR:process_reader_win.cc(242)] ReadMemory at 0x7ffc92980000 of 64 bytes failed: 仅完成部分的 ReadProcessMemory 或 WriteProcessMemory 请求。 (0x12B)
[1202/152736.758:WARNING:pe_image_reader.cc(302)] could not read dos header from C:\WINDOWS\SYSTEM32\urlmon.dll
[1202/152736.758:ERROR:process_reader_win.cc(242)] ReadMemory at 0x7ffc9c210000 of 64 bytes failed: 仅完成部分的 ReadProcessMemory 或 WriteProcessMemory 请求。 (0x12B)
[1202/152736.758:WARNING:pe_image_reader.cc(302)] could not read dos header from C:\WINDOWS\SYSTEM32\Secur32.dll
[1202/152736.758:ERROR:process_reader_win.cc(242)] ReadMemory at 0x7ffc9c2c0000 of 64 bytes failed: 仅完成部分的 ReadProcessMemory 或 WriteProcessMemory 请求。 (0x12B)
[1202/152736.758:WARNING:pe_image_reader.cc(302)] could not read dos header from C:\WINDOWS\SYSTEM32\WINHTTP.dll
[1202/152736.758:ERROR:process_reader_win.cc(242)] ReadMemory at 0x7ffc96ce0000 of 64 bytes failed: 仅完成部分的 ReadProcessMemory 或 WriteProcessMemory 请求。 (0x12B)
[1202/152736.758:WARNING:pe_image_reader.cc(302)] could not read dos header from C:\WINDOWS\SYSTEM32\dhcpcsvc.DLL
[1202/152736.758:ERROR:process_reader_win.cc(242)] ReadMemory at 0x7ffca4810000 of 64 bytes failed: 仅完成部分的 ReadProcessMemory 或 WriteProcessMemory 请求。 (0x12B)
[1202/152736.758:WARNING:pe_image_reader.cc(302)] could not read dos header from C:\WINDOWS\System32\NSI.dll
[1202/152736.758:ERROR:process_reader_win.cc(242)] ReadMemory at 0x7ffc9ee20000 of 64 bytes failed: 仅完成部分的 ReadProcessMemory 或 WriteProcessMemory 请求。 (0x12B)
[1202/152736.758:WARNING:pe_image_reader.cc(302)] could not read dos header from C:\WINDOWS\SYSTEM32\PROPSYS.dll
[1202/152736.758:ERROR:process_reader_win.cc(242)] ReadMemory at 0x7ffca0c40000 of 64 bytes failed: 仅完成部分的 ReadProcessMemory 或 WriteProcessMemory 请求。 (0x12B)
[1202/152736.759:WARNING:pe_image_reader.cc(302)] could not read dos header from C:\WINDOWS\SYSTEM32\bcrypt.dll
[1202/152736.759:ERROR:process_reader_win.cc(242)] ReadMemory at 0x7ffc93500000 of 64 bytes failed: 仅完成部分的 ReadProcessMemory 或 WriteProcessMemory 请求。 (0x12B)
[1202/152736.759:WARNING:pe_image_reader.cc(302)] could not read dos header from C:\WINDOWS\SYSTEM32\iertutil.dll
[1202/152736.759:ERROR:process_reader_win.cc(242)] ReadMemory at 0x7ffca1010000 of 64 bytes failed: 仅完成部分的 ReadProcessMemory 或 WriteProcessMemory 请求。 (0x12B)
[1202/152736.759:WARNING:pe_image_reader.cc(302)] could not read dos header from C:\WINDOWS\SYSTEM32\SSPICLI.DLL
[1202/152736.771:ERROR:process_reader_win.cc(242)] ReadMemory at 0x7263bf5000 of 45056 bytes failed: 仅完成部分的 ReadProcessMemory 或 WriteProcessMemory 请求。 (0x12B)
[1202/152736.772:ERROR:process_reader_win.cc(242)] ReadMemory at 0x7263dff000 of 4096 bytes failed: 仅完成部分的 ReadProcessMemory 或 WriteProcessMemory 请求。 (0x12B)
[1202/152736.772:ERROR:process_reader_win.cc(242)] ReadMemory at 0x7263ffe000 of 8192 bytes failed: 仅完成部分的 ReadProcessMemory 或 WriteProcessMemory 请求。 (0x12B)
[1202/152736.772:ERROR:process_reader_win.cc(242)] ReadMemory at 0x72641fe000 of 8192 bytes failed: 仅完成部分的 ReadProcessMemory 或 WriteProcessMemory 请求。 (0x12B)
[1202/152736.772:ERROR:process_reader_win.cc(242)] ReadMemory at 0x72643fe000 of 8192 bytes failed: 仅完成部分的 ReadProcessMemory 或 WriteProcessMemory 请求。 (0x12B)
[1202/152736.772:ERROR:process_reader_win.cc(242)] ReadMemory at 0x72645fe000 of 8192 bytes failed: 仅完成部分的 ReadProcessMemory 或 WriteProcessMemory 请求。 (0x12B)
[1202/152736.772:ERROR:process_reader_win.cc(242)] ReadMemory at 0x72647fe000 of 8192 bytes failed: 仅完成部分的 ReadProcessMemory 或 WriteProcessMemory 请求。 (0x12B)
[1202/152736.772:ERROR:process_reader_win.cc(242)] ReadMemory at 0x72649fd000 of 12288 bytes failed: 仅完成部分的 ReadProcessMemory 或 WriteProcessMemory 请求。 (0x12B)
[1202/152736.772:ERROR:process_reader_win.cc(242)] ReadMemory at 0x7264bfe000 of 8192 bytes failed: 仅完成部分的 ReadProcessMemory 或 WriteProcessMemory 请求。 (0x12B)
[1202/152736.772:ERROR:process_reader_win.cc(242)] ReadMemory at 0x7264dfe000 of 8192 bytes failed: 仅完成部分的 ReadProcessMemory 或 WriteProcessMemory 请求。 (0x12B)
[1202/152736.772:ERROR:process_reader_win.cc(242)] ReadMemory at 0x7264ffc000 of 16384 bytes failed: 仅完成部分的 ReadProcessMemory 或 WriteProcessMemory 请求。 (0x12B)
[1202/152736.772:ERROR:process_reader_win.cc(242)] ReadMemory at 0x72651fe000 of 8192 bytes failed: 仅完成部分的 ReadProcessMemory 或 WriteProcessMemory 请求。 (0x12B)
[1202/152736.772:ERROR:process_reader_win.cc(242)] ReadMemory at 0x72653fe000 of 8192 bytes failed: 仅完成部分的 ReadProcessMemory 或 WriteProcessMemory 请求。 (0x12B)
[1202/152736.772:ERROR:process_reader_win.cc(242)] ReadMemory at 0x72655fe000 of 8192 bytes failed: 仅完成部分的 ReadProcessMemory 或 WriteProcessMemory 请求。 (0x12B)
[1202/152736.772:ERROR:process_reader_win.cc(242)] ReadMemory at 0x72657fe000 of 8192 bytes failed: 仅完成部分的 ReadProcessMemory 或 WriteProcessMemory 请求。 (0x12B)
[1202/152736.773:ERROR:process_reader_win.cc(242)] ReadMemory at 0x726391e000 of 852 bytes failed: 仅完成部分的 ReadProcessMemory 或 WriteProcessMemory 请求。 (0x12B)
[1202/152736.773:ERROR:process_reader_win.cc(242)] ReadMemory at 0x726391f000 of 6024 bytes failed: 仅完成部分的 ReadProcessMemory 或 WriteProcessMemory 请求。 (0x12B)
[1202/152736.773:ERROR:process_reader_win.cc(242)] ReadMemory at 0x7263921000 of 6024 bytes failed: 仅完成部分的 ReadProcessMemory 或 WriteProcessMemory 请求。 (0x12B)
[1202/152736.773:ERROR:process_reader_win.cc(242)] ReadMemory at 0x7263923000 of 6024 bytes failed: 仅完成部分的 ReadProcessMemory 或 WriteProcessMemory 请求。 (0x12B)
[1202/152736.773:ERROR:process_reader_win.cc(242)] ReadMemory at 0x7263925000 of 6024 bytes failed: 仅完成部分的 ReadProcessMemory 或 WriteProcessMemory 请求。 (0x12B)
[1202/152736.773:ERROR:process_reader_win.cc(242)] ReadMemory at 0x7263927000 of 6024 bytes failed: 仅完成部分的 ReadProcessMemory 或 WriteProcessMemory 请求。 (0x12B)
[1202/152736.773:ERROR:process_reader_win.cc(242)] ReadMemory at 0x7263929000 of 6024 bytes failed: 仅完成部分的 ReadProcessMemory 或 WriteProcessMemory 请求。 (0x12B)
[1202/152736.773:ERROR:process_reader_win.cc(242)] ReadMemory at 0x726392b000 of 6024 bytes failed: 仅完成部分的 ReadProcessMemory 或 WriteProcessMemory 请求。 (0x12B)
[1202/152736.773:ERROR:process_reader_win.cc(242)] ReadMemory at 0x726392d000 of 6024 bytes failed: 仅完成部分的 ReadProcessMemory 或 WriteProcessMemory 请求。 (0x12B)
[1202/152736.773:ERROR:process_reader_win.cc(242)] ReadMemory at 0x726392f000 of 6024 bytes failed: 仅完成部分的 ReadProcessMemory 或 WriteProcessMemory 请求。 (0x12B)
[1202/152736.773:ERROR:process_reader_win.cc(242)] ReadMemory at 0x7263931000 of 6024 bytes failed: 仅完成部分的 ReadProcessMemory 或 WriteProcessMemory 请求。 (0x12B)
[1202/152736.773:ERROR:process_reader_win.cc(242)] ReadMemory at 0x7263933000 of 6024 bytes failed: 仅完成部分的 ReadProcessMemory 或 WriteProcessMemory 请求。 (0x12B)
[1202/152736.773:ERROR:process_reader_win.cc(242)] ReadMemory at 0x7263935000 of 6024 bytes failed: 仅完成部分的 ReadProcessMemory 或 WriteProcessMemory 请求。 (0x12B)
[1202/152736.773:ERROR:process_reader_win.cc(242)] ReadMemory at 0x7263937000 of 6024 bytes failed: 仅完成部分的 ReadProcessMemory 或 WriteProcessMemory 请求。 (0x12B)
[1202/152736.773:ERROR:process_reader_win.cc(242)] ReadMemory at 0x7263939000 of 6024 bytes failed: 仅完成部分的 ReadProcessMemory 或 WriteProcessMemory 请求。 (0x12B)
[1202/152736.773:ERROR:process_reader_win.cc(242)] ReadMemory at 0x726393b000 of 6024 bytes failed: 仅完成部分的 ReadProcessMemory 或 WriteProcessMemory 请求。 (0x12B)
[1202/152736.773:ERROR:process_reader_win.cc(242)] ReadMemory at 0x1b481480ab0 of 512 bytes failed: 仅完成部分的 ReadProcessMemory 或 WriteProcessMemory 请求。 (0x12B)
[1202/152736.774:ERROR:process_reader_win.cc(242)] ReadMemory at 0x1b481480fc0 of 5740 bytes failed: 仅完成部分的 ReadProcessMemory 或 WriteProcessMemory 请求。 (0x12B)
[1202/152736.774:ERROR:process_reader_win.cc(242)] ReadMemory at 0x1b481482640 of 1012 bytes failed: 仅完成部分的 ReadProcessMemory 或 WriteProcessMemory 请求。 (0x12B)
[1202/152736.774:ERROR:process_reader_win.cc(242)] ReadMemory at 0x1b481482c58 of 118 bytes failed: 仅完成部分的 ReadProcessMemory 或 WriteProcessMemory 请求。 (0x12B)
[1202/152736.774:ERROR:process_reader_win.cc(242)] ReadMemory at 0x1b481482cd0 of 1424 bytes failed: 仅完成部分的 ReadProcessMemory 或 WriteProcessMemory 请求。 (0x12B)
[1202/152736.774:ERROR:process_reader_win.cc(242)] ReadMemory at 0x1b481483262 of 118 bytes failed: 仅完成部分的 ReadProcessMemory 或 WriteProcessMemory 请求。 (0x12B)
[1202/152736.774:ERROR:process_reader_win.cc(242)] ReadMemory at 0x1b4814832da of 102 bytes failed: 仅完成部分的 ReadProcessMemory 或 WriteProcessMemory 请求。 (0x12B)
[1202/152736.774:ERROR:process_reader_win.cc(242)] ReadMemory at 0x1b481483350 of 58 bytes failed: 仅完成部分的 ReadProcessMemory 或 WriteProcessMemory 请求。 (0x12B)
[1202/152736.774:ERROR:process_reader_win.cc(242)] ReadMemory at 0x1b481483450 of 132 bytes failed: 仅完成部分的 ReadProcessMemory 或 WriteProcessMemory 请求。 (0x12B)
[1202/152736.774:ERROR:process_reader_win.cc(242)] ReadMemory at 0x1b4814835e0 of 132 bytes failed: 仅完成部分的 ReadProcessMemory 或 WriteProcessMemory 请求。 (0x12B)
[1202/152736.774:ERROR:process_reader_win.cc(242)] ReadMemory at 0x1b4814837a0 of 126 bytes failed: 仅完成部分的 ReadProcessMemory 或 WriteProcessMemory 请求。 (0x12B)
[1202/152736.774:ERROR:process_reader_win.cc(242)] ReadMemory at 0x1b481483b80 of 132 bytes failed: 仅完成部分的 ReadProcessMemory 或 WriteProcessMemory 请求。 (0x12B)
[1202/152736.774:ERROR:process_reader_win.cc(242)] ReadMemory at 0x1b481483d10 of 64 bytes failed: 仅完成部分的 ReadProcessMemory 或 WriteProcessMemory 请求。 (0x12B)
[1202/152736.774:ERROR:process_reader_win.cc(242)] ReadMemory at 0x1b481483e70 of 132 bytes failed: 仅完成部分的 ReadProcessMemory 或 WriteProcessMemory 请求。 (0x12B)
[1202/152736.774:ERROR:process_reader_win.cc(242)] ReadMemory at 0x1b481484070 of 62 bytes failed: 仅完成部分的 ReadProcessMemory 或 WriteProcessMemory 请求。 (0x12B)
[1202/152736.774:ERROR:process_reader_win.cc(242)] ReadMemory at 0x1b481484160 of 132 bytes failed: 仅完成部分的 ReadProcessMemory 或 WriteProcessMemory 请求。 (0x12B)
[1202/152736.774:ERROR:process_reader_win.cc(242)] ReadMemory at 0x1b4814842f0 of 68 bytes failed: 仅完成部分的 ReadProcessMemory 或 WriteProcessMemory 请求。 (0x12B)
[1202/152736.774:ERROR:process_reader_win.cc(242)] ReadMemory at 0x1b48148a7d0 of 132 bytes failed: 仅完成部分的 ReadProcessMemory 或 WriteProcessMemory 请求。 (0x12B)
[1202/152736.774:ERROR:process_reader_win.cc(242)] ReadMemory at 0x1b48148aa10 of 132 bytes failed: 仅完成部分的 ReadProcessMemory 或 WriteProcessMemory 请求。 (0x12B)
[1202/152736.774:ERROR:process_reader_win.cc(242)] ReadMemory at 0x1b48148aba0 of 62 bytes failed: 仅完成部分的 ReadProcessMemory 或 WriteProcessMemory 请求。 (0x12B)
[1202/152736.774:ERROR:process_reader_win.cc(242)] ReadMemory at 0x1b48148c310 of 132 bytes failed: 仅完成部分的 ReadProcessMemory 或 WriteProcessMemory 请求。 (0x12B)
[1202/152736.774:ERROR:process_reader_win.cc(242)] ReadMemory at 0x1b48148c4a0 of 60 bytes failed: 仅完成部分的 ReadProcessMemory 或 WriteProcessMemory 请求。 (0x12B)
[1202/152736.774:ERROR:process_reader_win.cc(242)] ReadMemory at 0x1b48148c6f0 of 132 bytes failed: 仅完成部分的 ReadProcessMemory 或 WriteProcessMemory 请求。 (0x12B)
[1202/152736.774:ERROR:process_reader_win.cc(242)] ReadMemory at 0x1b48148c880 of 64 bytes failed: 仅完成部分的 ReadProcessMemory 或 WriteProcessMemory 请求。 (0x12B)
[1202/152736.774:ERROR:process_reader_win.cc(242)] ReadMemory at 0x1b48148cb00 of 132 bytes failed: 仅完成部分的 ReadProcessMemory 或 WriteProcessMemory 请求。 (0x12B)
[1202/152736.774:ERROR:process_reader_win.cc(242)] ReadMemory at 0x1b48148cc90 of 64 bytes failed: 仅完成部分的 ReadProcessMemory 或 WriteProcessMemory 请求。 (0x12B)
[1202/152736.774:ERROR:process_reader_win.cc(242)] ReadMemory at 0x1b48148cef0 of 132 bytes failed: 仅完成部分的 ReadProcessMemory 或 WriteProcessMemory 请求。 (0x12B)
[1202/152736.775:ERROR:process_reader_win.cc(242)] ReadMemory at 0x1b48148d080 of 60 bytes failed: 仅完成部分的 ReadProcessMemory 或 WriteProcessMemory 请求。 (0x12B)
[1202/152736.775:ERROR:process_reader_win.cc(242)] ReadMemory at 0x1b48148d3a0 of 132 bytes failed: 仅完成部分的 ReadProcessMemory 或 WriteProcessMemory 请求。 (0x12B)
[1202/152736.775:ERROR:process_reader_win.cc(242)] ReadMemory at 0x1b48148d530 of 60 bytes failed: 仅完成部分的 ReadProcessMemory 或 WriteProcessMemory 请求。 (0x12B)
[1202/152736.775:ERROR:process_reader_win.cc(242)] ReadMemory at 0x1b48148d770 of 132 bytes failed: 仅完成部分的 ReadProcessMemory 或 WriteProcessMemory 请求。 (0x12B)
[1202/152736.775:ERROR:process_reader_win.cc(242)] ReadMemory at 0x1b48148d900 of 62 bytes failed: 仅完成部分的 ReadProcessMemory 或 WriteProcessMemory 请求。 (0x12B)
[1202/152736.775:ERROR:process_reader_win.cc(242)] ReadMemory at 0x1b48148e450 of 132 bytes failed: 仅完成部分的 ReadProcessMemory 或 WriteProcessMemory 请求。 (0x12B)
[1202/152736.775:ERROR:process_reader_win.cc(242)] ReadMemory at 0x1b48148e690 of 76 bytes failed: 仅完成部分的 ReadProcessMemory 或 WriteProcessMemory 请求。 (0x12B)
[1202/152736.775:ERROR:process_reader_win.cc(242)] ReadMemory at 0x1b48148eab0 of 80 bytes failed: 仅完成部分的 ReadProcessMemory 或 WriteProcessMemory 请求。 (0x12B)
[1202/152736.775:ERROR:process_reader_win.cc(242)] ReadMemory at 0x1b48148ec30 of 78 bytes failed: 仅完成部分的 ReadProcessMemory 或 WriteProcessMemory 请求。 (0x12B)
[1202/152736.775:ERROR:process_reader_win.cc(242)] ReadMemory at 0x1b48148ef80 of 132 bytes failed: 仅完成部分的 ReadProcessMemory 或 WriteProcessMemory 请求。 (0x12B)
[1202/152736.775:ERROR:process_reader_win.cc(242)] ReadMemory at 0x1b48148f030 of 512 bytes failed: 仅完成部分的 ReadProcessMemory 或 WriteProcessMemory 请求。 (0x12B)
[1202/152736.775:ERROR:process_reader_win.cc(242)] ReadMemory at 0x1b48148f460 of 132 bytes failed: 仅完成部分的 ReadProcessMemory 或 WriteProcessMemory 请求。 (0x12B)
[1202/152736.775:ERROR:process_reader_win.cc(242)] ReadMemory at 0x1b48148f590 of 64 bytes failed: 仅完成部分的 ReadProcessMemory 或 WriteProcessMemory 请求。 (0x12B)
[1202/152736.775:ERROR:process_reader_win.cc(242)] ReadMemory at 0x1b481490700 of 132 bytes failed: 仅完成部分的 ReadProcessMemory 或 WriteProcessMemory 请求。 (0x12B)
[1202/152736.775:ERROR:process_reader_win.cc(242)] ReadMemory at 0x1b4814908d0 of 64 bytes failed: 仅完成部分的 ReadProcessMemory 或 WriteProcessMemory 请求。 (0x12B)
[1202/152736.775:ERROR:process_reader_win.cc(242)] ReadMemory at 0x1b481490970 of 58 bytes failed: 仅完成部分的 ReadProcessMemory 或 WriteProcessMemory 请求。 (0x12B)
[1202/152736.775:ERROR:process_reader_win.cc(242)] ReadMemory at 0x1b481490a60 of 66 bytes failed: 仅完成部分的 ReadProcessMemory 或 WriteProcessMemory 请求。 (0x12B)
[1202/152736.775:ERROR:process_reader_win.cc(242)] ReadMemory at 0x1b481490ab0 of 60 bytes failed: 仅完成部分的 ReadProcessMemory 或 WriteProcessMemory 请求。 (0x12B)
[1202/152736.775:ERROR:process_reader_win.cc(242)] ReadMemory at 0x1b481490b00 of 62 bytes failed: 仅完成部分的 ReadProcessMemory 或 WriteProcessMemory 请求。 (0x12B)
[1202/152736.775:ERROR:process_reader_win.cc(242)] ReadMemory at 0x1b481490b50 of 58 bytes failed: 仅完成部分的 ReadProcessMemory 或 WriteProcessMemory 请求。 (0x12B)
[1202/152736.775:ERROR:process_reader_win.cc(242)] ReadMemory at 0x1b481490ba0 of 62 bytes failed: 仅完成部分的 ReadProcessMemory 或 WriteProcessMemory 请求。 (0x12B)
[1202/152736.775:ERROR:process_reader_win.cc(242)] ReadMemory at 0x1b481490bf0 of 62 bytes failed: 仅完成部分的 ReadProcessMemory 或 WriteProcessMemory 请求。 (0x12B)
[1202/152736.775:ERROR:process_reader_win.cc(242)] ReadMemory at 0x1b481490c40 of 60 bytes failed: 仅完成部分的 ReadProcessMemory 或 WriteProcessMemory 请求。 (0x12B)
[1202/152736.775:ERROR:process_reader_win.cc(242)] ReadMemory at 0x1b481490c90 of 60 bytes failed: 仅完成部分的 ReadProcessMemory 或 WriteProcessMemory 请求。 (0x12B)
[1202/152736.775:ERROR:process_reader_win.cc(242)] ReadMemory at 0x1b481490ce0 of 62 bytes failed: 仅完成部分的 ReadProcessMemory 或 WriteProcessMemory 请求。 (0x12B)
[1202/152736.775:ERROR:process_reader_win.cc(242)] ReadMemory at 0x1b481490d30 of 58 bytes failed: 仅完成部分的 ReadProcessMemory 或 WriteProcessMemory 请求。 (0x12B)
[1202/152736.775:ERROR:process_reader_win.cc(242)] ReadMemory at 0x1b481490d80 of 64 bytes failed: 仅完成部分的 ReadProcessMemory 或 WriteProcessMemory 请求。 (0x12B)
[1202/152736.789:ERROR:process_reader_win.cc(242)] ReadMemory at 0x1b481490e70 of 66 bytes failed: 仅完成部分的 ReadProcessMemory 或 WriteProcessMemory 请求。 (0x12B)
[1202/152736.789:ERROR:process_reader_win.cc(242)] ReadMemory at 0x1b481490f10 of 62 bytes failed: 仅完成部分的 ReadProcessMemory 或 WriteProcessMemory 请求。 (0x12B)
[1202/152736.789:ERROR:process_reader_win.cc(242)] ReadMemory at 0x1b481491040 of 158 bytes failed: 仅完成部分的 ReadProcessMemory 或 WriteProcessMemory 请求。 (0x12B)
[1202/152736.789:ERROR:process_reader_win.cc(242)] ReadMemory at 0x1b481491160 of 132 bytes failed: 仅完成部分的 ReadProcessMemory 或 WriteProcessMemory 请求。 (0x12B)
[1202/152736.789:ERROR:process_reader_win.cc(242)] ReadMemory at 0x1b481491290 of 132 bytes failed: 仅完成部分的 ReadProcessMemory 或 WriteProcessMemory 请求。 (0x12B)
[1202/152736.789:ERROR:process_reader_win.cc(242)] ReadMemory at 0x1b4814913c0 of 132 bytes failed: 仅完成部分的 ReadProcessMemory 或 WriteProcessMemory 请求。 (0x12B)
[1202/152736.789:ERROR:process_reader_win.cc(242)] ReadMemory at 0x1b4814914f0 of 132 bytes failed: 仅完成部分的 ReadProcessMemory 或 WriteProcessMemory 请求。 (0x12B)
[1202/152736.789:ERROR:process_reader_win.cc(242)] ReadMemory at 0x1b481491620 of 132 bytes failed: 仅完成部分的 ReadProcessMemory 或 WriteProcessMemory 请求。 (0x12B)
[1202/152736.789:ERROR:process_reader_win.cc(242)] ReadMemory at 0x1b481491750 of 132 bytes failed: 仅完成部分的 ReadProcessMemory 或 WriteProcessMemory 请求。 (0x12B)
[1202/152736.789:ERROR:process_reader_win.cc(242)] ReadMemory at 0x1b481491880 of 132 bytes failed: 仅完成部分的 ReadProcessMemory 或 WriteProcessMemory 请求。 (0x12B)
[1202/152736.789:ERROR:process_reader_win.cc(242)] ReadMemory at 0x1b4814919b0 of 132 bytes failed: 仅完成部分的 ReadProcessMemory 或 WriteProcessMemory 请求。 (0x12B)
[1202/152736.789:ERROR:process_reader_win.cc(242)] ReadMemory at 0x1b481491ae0 of 132 bytes failed: 仅完成部分的 ReadProcessMemory 或 WriteProcessMemory 请求。 (0x12B)
[1202/152736.789:ERROR:process_reader_win.cc(242)] ReadMemory at 0x1b481491c10 of 132 bytes failed: 仅完成部分的 ReadProcessMemory 或 WriteProcessMemory 请求。 (0x12B)
[1202/152736.789:ERROR:process_reader_win.cc(242)] ReadMemory at 0x1b481491d40 of 132 bytes failed: 仅完成部分的 ReadProcessMemory 或 WriteProcessMemory 请求。 (0x12B)
[1202/152736.789:ERROR:process_reader_win.cc(242)] ReadMemory at 0x1b481491e70 of 132 bytes failed: 仅完成部分的 ReadProcessMemory 或 WriteProcessMemory 请求。 (0x12B)
[1202/152736.789:ERROR:process_reader_win.cc(242)] ReadMemory at 0x1b481491fa0 of 132 bytes failed: 仅完成部分的 ReadProcessMemory 或 WriteProcessMemory 请求。 (0x12B)
[1202/152736.789:ERROR:process_reader_win.cc(242)] ReadMemory at 0x1b481493990 of 246 bytes failed: 仅完成部分的 ReadProcessMemory 或 WriteProcessMemory 请求。 (0x12B)
[1202/152736.789:ERROR:process_reader_win.cc(242)] ReadMemory at 0x1b481493bb0 of 132 bytes failed: 仅完成部分的 ReadProcessMemory 或 WriteProcessMemory 请求。 (0x12B)
[1202/152736.790:ERROR:process_reader_win.cc(242)] ReadMemory at 0x1b481493ce0 of 132 bytes failed: 仅完成部分的 ReadProcessMemory 或 WriteProcessMemory 请求。 (0x12B)
[1202/152736.790:ERROR:process_reader_win.cc(242)] ReadMemory at 0x1b481493e10 of 132 bytes failed: 仅完成部分的 ReadProcessMemory 或 WriteProcessMemory 请求。 (0x12B)
[1202/152736.790:ERROR:process_reader_win.cc(242)] ReadMemory at 0x1b481493f40 of 132 bytes failed: 仅完成部分的 ReadProcessMemory 或 WriteProcessMemory 请求。 (0x12B)
[1202/152736.790:ERROR:process_reader_win.cc(242)] ReadMemory at 0x1b481494070 of 132 bytes failed: 仅完成部分的 ReadProcessMemory 或 WriteProcessMemory 请求。 (0x12B)
[1202/152736.790:ERROR:process_reader_win.cc(242)] ReadMemory at 0x1b4814941a0 of 132 bytes failed: 仅完成部分的 ReadProcessMemory 或 WriteProcessMemory 请求。 (0x12B)
[1202/152736.790:ERROR:process_reader_win.cc(242)] ReadMemory at 0x1b4814942d0 of 132 bytes failed: 仅完成部分的 ReadProcessMemory 或 WriteProcessMemory 请求。 (0x12B)
[1202/152736.790:ERROR:process_reader_win.cc(242)] ReadMemory at 0x1b481494400 of 132 bytes failed: 仅完成部分的 ReadProcessMemory 或 WriteProcessMemory 请求。 (0x12B)
[1202/152736.790:ERROR:process_reader_win.cc(242)] ReadMemory at 0x1b481494530 of 132 bytes failed: 仅完成部分的 ReadProcessMemory 或 WriteProcessMemory 请求。 (0x12B)
[1202/152736.790:ERROR:process_reader_win.cc(242)] ReadMemory at 0x1b481494660 of 132 bytes failed: 仅完成部分的 ReadProcessMemory 或 WriteProcessMemory 请求。 (0x12B)
[1202/152736.790:ERROR:process_reader_win.cc(242)] ReadMemory at 0x1b481494790 of 132 bytes failed: 仅完成部分的 ReadProcessMemory 或 WriteProcessMemory 请求。 (0x12B)
[1202/152736.790:ERROR:process_reader_win.cc(242)] ReadMemory at 0x1b4814948c0 of 132 bytes failed: 仅完成部分的 ReadProcessMemory 或 WriteProcessMemory 请求。 (0x12B)
[1202/152736.790:ERROR:process_reader_win.cc(242)] ReadMemory at 0x1b4814949f0 of 132 bytes failed: 仅完成部分的 ReadProcessMemory 或 WriteProcessMemory 请求。 (0x12B)
[1202/152736.790:ERROR:process_reader_win.cc(242)] ReadMemory at 0x1b481494b20 of 132 bytes failed: 仅完成部分的 ReadProcessMemory 或 WriteProcessMemory 请求。 (0x12B)
[1202/152736.790:ERROR:process_reader_win.cc(242)] ReadMemory at 0x1b481494c50 of 132 bytes failed: 仅完成部分的 ReadProcessMemory 或 WriteProcessMemory 请求。 (0x12B)
[1202/152736.790:ERROR:process_reader_win.cc(242)] ReadMemory at 0x1b481494d80 of 132 bytes failed: 仅完成部分的 ReadProcessMemory 或 WriteProcessMemory 请求。 (0x12B)
[1202/152736.790:ERROR:process_reader_win.cc(242)] ReadMemory at 0x1b481494eb0 of 132 bytes failed: 仅完成部分的 ReadProcessMemory 或 WriteProcessMemory 请求。 (0x12B)
[1202/152736.790:ERROR:process_reader_win.cc(242)] ReadMemory at 0x1b481494fe0 of 132 bytes failed: 仅完成部分的 ReadProcessMemory 或 WriteProcessMemory 请求。 (0x12B)
[1202/152736.790:ERROR:process_reader_win.cc(242)] ReadMemory at 0x1b481495110 of 132 bytes failed: 仅完成部分的 ReadProcessMemory 或 WriteProcessMemory 请求。 (0x12B)
[1202/152736.790:ERROR:process_reader_win.cc(242)] ReadMemory at 0x1b481495240 of 132 bytes failed: 仅完成部分的 ReadProcessMemory 或 WriteProcessMemory 请求。 (0x12B)
[1202/152736.790:ERROR:process_reader_win.cc(242)] ReadMemory at 0x1b481495370 of 132 bytes failed: 仅完成部分的 ReadProcessMemory 或 WriteProcessMemory 请求。 (0x12B)
[1202/152736.790:ERROR:process_reader_win.cc(242)] ReadMemory at 0x1b4814954a0 of 132 bytes failed: 仅完成部分的 ReadProcessMemory 或 WriteProcessMemory 请求。 (0x12B)
[1202/152736.790:ERROR:process_reader_win.cc(242)] ReadMemory at 0x1b4814955d0 of 132 bytes failed: 仅完成部分的 ReadProcessMemory 或 WriteProcessMemory 请求。 (0x12B)
[1202/152736.790:ERROR:process_reader_win.cc(242)] ReadMemory at 0x1b481495830 of 132 bytes failed: 仅完成部分的 ReadProcessMemory 或 WriteProcessMemory 请求。 (0x12B)
[1202/152736.790:ERROR:process_reader_win.cc(242)] ReadMemory at 0x1b481495960 of 132 bytes failed: 仅完成部分的 ReadProcessMemory 或 WriteProcessMemory 请求。 (0x12B)
[1202/152736.790:ERROR:process_reader_win.cc(242)] ReadMemory at 0x1b481495b70 of 154 bytes failed: 仅完成部分的 ReadProcessMemory 或 WriteProcessMemory 请求。 (0x12B)
[1202/152736.790:ERROR:process_reader_win.cc(242)] ReadMemory at 0x1b4814991d0 of 58 bytes failed: 仅完成部分的 ReadProcessMemory 或 WriteProcessMemory 请求。 (0x12B)
[1202/152736.790:ERROR:process_reader_win.cc(242)] ReadMemory at 0x1b4814999a0 of 60 bytes failed: 仅完成部分的 ReadProcessMemory 或 WriteProcessMemory 请求。 (0x12B)
[1202/152736.791:ERROR:process_reader_win.cc(242)] ReadMemory at 0x1b4814999f0 of 58 bytes failed: 仅完成部分的 ReadProcessMemory 或 WriteProcessMemory 请求。 (0x12B)
[1202/152736.791:ERROR:process_reader_win.cc(242)] ReadMemory at 0x1b481499a40 of 64 bytes failed: 仅完成部分的 ReadProcessMemory 或 WriteProcessMemory 请求。 (0x12B)
[1202/152736.791:ERROR:process_reader_win.cc(242)] ReadMemory at 0x1b481499a90 of 64 bytes failed: 仅完成部分的 ReadProcessMemory 或 WriteProcessMemory 请求。 (0x12B)
[1202/152736.791:ERROR:process_reader_win.cc(242)] ReadMemory at 0x1b481499ae0 of 60 bytes failed: 仅完成部分的 ReadProcessMemory 或 WriteProcessMemory 请求。 (0x12B)
[1202/152736.791:ERROR:process_reader_win.cc(242)] ReadMemory at 0x1b481499b80 of 62 bytes failed: 仅完成部分的 ReadProcessMemory 或 WriteProcessMemory 请求。 (0x12B)
[1202/152736.791:ERROR:process_reader_win.cc(242)] ReadMemory at 0x1b481499e50 of 66 bytes failed: 仅完成部分的 ReadProcessMemory 或 WriteProcessMemory 请求。 (0x12B)
[1202/152736.791:ERROR:process_reader_win.cc(242)] ReadMemory at 0x1b481499f40 of 66 bytes failed: 仅完成部分的 ReadProcessMemory 或 WriteProcessMemory 请求。 (0x12B)
[1202/152736.791:ERROR:process_reader_win.cc(242)] ReadMemory at 0x1b4814a0460 of 54 bytes failed: 仅完成部分的 ReadProcessMemory 或 WriteProcessMemory 请求。 (0x12B)
[1202/152736.791:ERROR:process_reader_win.cc(242)] ReadMemory at 0x1b4814a8520 of 62 bytes failed: 仅完成部分的 ReadProcessMemory 或 WriteProcessMemory 请求。 (0x12B)
[1202/152736.791:ERROR:process_reader_win.cc(242)] ReadMemory at 0x1b4814a8570 of 62 bytes failed: 仅完成部分的 ReadProcessMemory 或 WriteProcessMemory 请求。 (0x12B)
[1202/152736.791:ERROR:process_reader_win.cc(242)] ReadMemory at 0x1b4814a8660 of 64 bytes failed: 仅完成部分的 ReadProcessMemory 或 WriteProcessMemory 请求。 (0x12B)
[1202/152736.791:ERROR:process_reader_win.cc(242)] ReadMemory at 0x1b4814a87f0 of 60 bytes failed: 仅完成部分的 ReadProcessMemory 或 WriteProcessMemory 请求。 (0x12B)
[1202/152736.791:ERROR:process_reader_win.cc(242)] ReadMemory at 0x1b4814a8840 of 62 bytes failed: 仅完成部分的 ReadProcessMemory 或 WriteProcessMemory 请求。 (0x12B)
[1202/152736.791:ERROR:process_reader_win.cc(242)] ReadMemory at 0x1b4814a8a70 of 64 bytes failed: 仅完成部分的 ReadProcessMemory 或 WriteProcessMemory 请求。 (0x12B)
[1202/152736.791:ERROR:process_reader_win.cc(242)] ReadMemory at 0x1b4814a8b10 of 62 bytes failed: 仅完成部分的 ReadProcessMemory 或 WriteProcessMemory 请求。 (0x12B)
[1202/152736.791:ERROR:process_reader_win.cc(242)] ReadMemory at 0x1b4814a8bb0 of 60 bytes failed: 仅完成部分的 ReadProcessMemory 或 WriteProcessMemory 请求。 (0x12B)
[1202/152736.791:ERROR:process_reader_win.cc(242)] ReadMemory at 0x1b4814a8de0 of 58 bytes failed: 仅完成部分的 ReadProcessMemory 或 WriteProcessMemory 请求。 (0x12B)
[1202/152736.791:ERROR:process_reader_win.cc(242)] ReadMemory at 0x1b4814a8e30 of 56 bytes failed: 仅完成部分的 ReadProcessMemory 或 WriteProcessMemory 请求。 (0x12B)
[1202/152736.791:ERROR:process_reader_win.cc(242)] ReadMemory at 0x1b4814a8e80 of 64 bytes failed: 仅完成部分的 ReadProcessMemory 或 WriteProcessMemory 请求。 (0x12B)
[1202/152736.791:ERROR:process_reader_win.cc(242)] ReadMemory at 0x1b4814a8ed0 of 60 bytes failed: 仅完成部分的 ReadProcessMemory 或 WriteProcessMemory 请求。 (0x12B)
[1202/152736.791:ERROR:process_reader_win.cc(242)] ReadMemory at 0x1b4814a8f70 of 64 bytes failed: 仅完成部分的 ReadProcessMemory 或 WriteProcessMemory 请求。 (0x12B)
[1202/152736.791:ERROR:process_reader_win.cc(242)] ReadMemory at 0x1b4814a9060 of 58 bytes failed: 仅完成部分的 ReadProcessMemory 或 WriteProcessMemory 请求。 (0x12B)
[1202/152736.791:ERROR:process_reader_win.cc(242)] ReadMemory at 0x1b4814a9380 of 62 bytes failed: 仅完成部分的 ReadProcessMemory 或 WriteProcessMemory 请求。 (0x12B)
[1202/152736.791:ERROR:process_reader_win.cc(242)] ReadMemory at 0x1b4814aa590 of 132 bytes failed: 仅完成部分的 ReadProcessMemory 或 WriteProcessMemory 请求。 (0x12B)
[1202/152736.791:ERROR:process_reader_win.cc(242)] ReadMemory at 0x1b4814aa6c0 of 132 bytes failed: 仅完成部分的 ReadProcessMemory 或 WriteProcessMemory 请求。 (0x12B)
[1202/152736.791:ERROR:process_reader_win.cc(242)] ReadMemory at 0x1b4814aaf10 of 132 bytes failed: 仅完成部分的 ReadProcessMemory 或 WriteProcessMemory 请求。 (0x12B)
[1202/152736.791:ERROR:process_reader_win.cc(242)] ReadMemory at 0x1b4814ab9c0 of 132 bytes failed: 仅完成部分的 ReadProcessMemory 或 WriteProcessMemory 请求。 (0x12B)
[1202/152736.792:ERROR:process_reader_win.cc(242)] ReadMemory at 0x1b4814be6a0 of 512 bytes failed: 仅完成部分的 ReadProcessMemory 或 WriteProcessMemory 请求。 (0x12B)
[1202/152736.792:ERROR:process_reader_win.cc(242)] ReadMemory at 0x1b4814c05c0 of 512 bytes failed: 仅完成部分的 ReadProcessMemory 或 WriteProcessMemory 请求。 (0x12B)
[1202/152736.792:ERROR:process_reader_win.cc(242)] ReadMemory at 0x1b481701120 of 512 bytes failed: 仅完成部分的 ReadProcessMemory 或 WriteProcessMemory 请求。 (0x12B)
[1202/152736.792:ERROR:process_reader_win.cc(242)] ReadMemory at 0x1b481701480 of 512 bytes failed: 仅完成部分的 ReadProcessMemory 或 WriteProcessMemory 请求。 (0x12B)
[1202/152736.792:ERROR:process_reader_win.cc(242)] ReadMemory at 0x1b48171de98 of 512 bytes failed: 仅完成部分的 ReadProcessMemory 或 WriteProcessMemory 请求。 (0x12B)
[1202/152736.792:ERROR:process_reader_win.cc(242)] ReadMemory at 0x1b481722880 of 512 bytes failed: 仅完成部分的 ReadProcessMemory 或 WriteProcessMemory 请求。 (0x12B)
[1202/152736.792:ERROR:process_reader_win.cc(242)] ReadMemory at 0x1b4817456a0 of 512 bytes failed: 仅完成部分的 ReadProcessMemory 或 WriteProcessMemory 请求。 (0x12B)
[1202/152736.792:ERROR:process_reader_win.cc(242)] ReadMemory at 0x1b48175b000 of 688 bytes failed: 仅完成部分的 ReadProcessMemory 或 WriteProcessMemory 请求。 (0x12B)
[1202/152736.792:ERROR:process_reader_win.cc(242)] ReadMemory at 0x1b4817700d0 of 512 bytes failed: 仅完成部分的 ReadProcessMemory 或 WriteProcessMemory 请求。 (0x12B)
[1202/152736.792:ERROR:process_reader_win.cc(242)] ReadMemory at 0x1b481771ac8 of 512 bytes failed: 仅完成部分的 ReadProcessMemory 或 WriteProcessMemory 请求。 (0x12B)
[1202/152736.792:ERROR:process_reader_win.cc(242)] ReadMemory at 0x1b4838a6c50 of 512 bytes failed: 仅完成部分的 ReadProcessMemory 或 WriteProcessMemory 请求。 (0x12B)
[1202/152736.792:ERROR:process_reader_win.cc(242)] ReadMemory at 0x1b483950520 of 512 bytes failed: 仅完成部分的 ReadProcessMemory 或 WriteProcessMemory 请求。 (0x12B)
[1202/152736.792:ERROR:process_reader_win.cc(242)] ReadMemory at 0x1b4839b5901 of 512 bytes failed: 仅完成部分的 ReadProcessMemory 或 WriteProcessMemory 请求。 (0x12B)
[1202/152736.792:ERROR:process_reader_win.cc(242)] ReadMemory at 0x1b4839e37b0 of 512 bytes failed: 仅完成部分的 ReadProcessMemory 或 WriteProcessMemory 请求。 (0x12B)
[1202/152736.792:ERROR:process_reader_win.cc(242)] ReadMemory at 0x1b483a67820 of 512 bytes failed: 仅完成部分的 ReadProcessMemory 或 WriteProcessMemory 请求。 (0x12B)
[1202/152736.792:ERROR:process_reader_win.cc(242)] ReadMemory at 0x6b79ebf80001 of 512 bytes failed: 仅完成部分的 ReadProcessMemory 或 WriteProcessMemory 请求。 (0x12B)
[1202/152736.792:ERROR:process_reader_win.cc(242)] ReadMemory at 0x74078f120058 of 512 bytes failed: 仅完成部分的 ReadProcessMemory 或 WriteProcessMemory 请求。 (0x12B)
[1202/152736.792:ERROR:process_reader_win.cc(242)] ReadMemory at 0x7ffc51ba73a0 of 512 bytes failed: 仅完成部分的 ReadProcessMemory 或 WriteProcessMemory 请求。 (0x12B)
[1202/152736.792:ERROR:process_reader_win.cc(242)] ReadMemory at 0x7ffc542977c0 of 512 bytes failed: 仅完成部分的 ReadProcessMemory 或 WriteProcessMemory 请求。 (0x12B)
[1202/152736.792:ERROR:process_reader_win.cc(242)] ReadMemory at 0x7ffca4def260 of 512 bytes failed: 仅完成部分的 ReadProcessMemory 或 WriteProcessMemory 请求。 (0x12B)
[1202/152736.792:ERROR:process_reader_win.cc(242)] ReadMemory at 0x7ffca4df09e0 of 512 bytes failed: 仅完成部分的 ReadProcessMemory 或 WriteProcessMemory 请求。 (0x12B)
[1202/152736.792:ERROR:process_reader_win.cc(242)] ReadMemory at 0x7ffca4df12d0 of 512 bytes failed: 仅完成部分的 ReadProcessMemory 或 WriteProcessMemory 请求。 (0x12B)
[1202/152736.792:ERROR:process_reader_win.cc(242)] ReadMemory at 0x7ffca4df30c0 of 512 bytes failed: 仅完成部分的 ReadProcessMemory 或 WriteProcessMemory 请求。 (0x12B)
[1202/152736.792:ERROR:process_reader_win.cc(242)] ReadMemory at 0x7ffca4e69f04 of 672 bytes failed: 仅完成部分的 ReadProcessMemory 或 WriteProcessMemory 请求。 (0x12B)
[1202/152736.792:ERROR:process_reader_win.cc(242)] ReadMemory at 0x7ffca4e6a504 of 512 bytes failed: 仅完成部分的 ReadProcessMemory 或 WriteProcessMemory 请求。 (0x12B)
[1202/152736.792:ERROR:process_reader_win.cc(242)] ReadMemory at 0x7ffca4e6d774 of 608 bytes failed: 仅完成部分的 ReadProcessMemory 或 WriteProcessMemory 请求。 (0x12B)
[1202/152736.792:ERROR:process_reader_win.cc(242)] ReadMemory at 0x7ffca4ef3810 of 18 bytes failed: 仅完成部分的 ReadProcessMemory 或 WriteProcessMemory 请求。 (0x12B)
[1202/152736.792:ERROR:process_reader_win.cc(242)] ReadMemory at 0x7ffca4f264e0 of 40 bytes failed: 仅完成部分的 ReadProcessMemory 或 WriteProcessMemory 请求。 (0x12B)
[1202/152736.793:ERROR:process_reader_win.cc(242)] ReadMemory at 0x7ffca4f26938 of 48 bytes failed: 仅完成部分的 ReadProcessMemory 或 WriteProcessMemory 请求。 (0x12B)
[1202/152736.793:ERROR:process_reader_win.cc(242)] ReadMemory at 0x7ffca4f2c360 of 64 bytes failed: 仅完成部分的 ReadProcessMemory 或 WriteProcessMemory 请求。 (0x12B)
[1202/152736.823:ERROR:scoped_process_suspend.cc(40)] NtResumeProcess: 已尝试访问正在退出的过程。 (0xc000010a)
[1202/153220.365:ERROR:process_reader_win.cc(123)] NtOpenThread: {无法访问} 过程已请求访问一对象，但未给访问权限。 (0xc0000022)
[1202/153221.087:ERROR:exception_snapshot_win.cc(88)] thread ID 14552 not found in process
[1202/153433.368:ERROR:process_reader_win.cc(123)] NtOpenThread: {无法访问} 过程已请求访问一对象，但未给访问权限。 (0xc0000022)
[1202/153433.388:ERROR:exception_snapshot_win.cc(88)] thread ID 10164 not found in process
[1202/153652.564:ERROR:process_reader_win.cc(123)] NtOpenThread: {无法访问} 过程已请求访问一对象，但未给访问权限。 (0xc0000022)
[1202/153652.574:ERROR:exception_snapshot_win.cc(88)] thread ID 10452 not found in process
[1202/155241.948:ERROR:process_reader_win.cc(123)] NtOpenThread: {无法访问} 过程已请求访问一对象，但未给访问权限。 (0xc0000022)
[1202/155242.788:ERROR:exception_snapshot_win.cc(88)] thread ID 10948 not found in process
[1202/155502.827:ERROR:process_reader_win.cc(123)] NtOpenThread: {无法访问} 过程已请求访问一对象，但未给访问权限。 (0xc0000022)
[1202/155502.844:ERROR:exception_snapshot_win.cc(88)] thread ID 6124 not found in process
[1202/155912.846:ERROR:process_reader_win.cc(123)] NtOpenThread: {无法访问} 过程已请求访问一对象，但未给访问权限。 (0xc0000022)
[1202/155912.847:ERROR:exception_snapshot_win.cc(88)] thread ID 15276 not found in process
[1202/160429.117:ERROR:process_reader_win.cc(123)] NtOpenThread: {无法访问} 过程已请求访问一对象，但未给访问权限。 (0xc0000022)
[1202/160429.131:ERROR:exception_snapshot_win.cc(88)] thread ID 14596 not found in process
[1202/160726.168:ERROR:process_reader_win.cc(123)] NtOpenThread: {无法访问} 过程已请求访问一对象，但未给访问权限。 (0xc0000022)
[1202/160726.169:ERROR:exception_snapshot_win.cc(88)] thread ID 5308 not found in process
[1202/161935.584:ERROR:process_reader_win.cc(123)] NtOpenThread: {无法访问} 过程已请求访问一对象，但未给访问权限。 (0xc0000022)
[1202/161935.615:ERROR:exception_snapshot_win.cc(88)] thread ID 7496 not found in process
[1202/162108.223:ERROR:process_reader_win.cc(123)] NtOpenThread: {无法访问} 过程已请求访问一对象，但未给访问权限。 (0xc0000022)
[1202/162108.223:ERROR:exception_snapshot_win.cc(88)] thread ID 2732 not found in process
[1202/164225.511:ERROR:process_reader_win.cc(123)] NtOpenThread: {无法访问} 过程已请求访问一对象，但未给访问权限。 (0xc0000022)
[1202/164225.527:ERROR:exception_snapshot_win.cc(88)] thread ID 17084 not found in process
[1202/165840.374:ERROR:process_reader_win.cc(123)] NtOpenThread: {无法访问} 过程已请求访问一对象，但未给访问权限。 (0xc0000022)
[1202/165840.407:ERROR:exception_snapshot_win.cc(88)] thread ID 17188 not found in process
[1202/165911.732:ERROR:process_reader_win.cc(123)] NtOpenThread: {无法访问} 过程已请求访问一对象，但未给访问权限。 (0xc0000022)
[1202/165911.732:ERROR:exception_snapshot_win.cc(88)] thread ID 5644 not found in process
[1202/165950.792:ERROR:process_reader_win.cc(123)] NtOpenThread: {无法访问} 过程已请求访问一对象，但未给访问权限。 (0xc0000022)
[1202/165950.793:ERROR:exception_snapshot_win.cc(88)] thread ID 12368 not found in process
[1202/170113.219:ERROR:process_reader_win.cc(123)] NtOpenThread: {无法访问} 过程已请求访问一对象，但未给访问权限。 (0xc0000022)
[1202/170113.245:ERROR:exception_snapshot_win.cc(88)] thread ID 14624 not found in process
[1202/170444.573:ERROR:process_reader_win.cc(123)] NtOpenThread: {无法访问} 过程已请求访问一对象，但未给访问权限。 (0xc0000022)
[1202/170444.605:ERROR:exception_snapshot_win.cc(88)] thread ID 3056 not found in process
[1202/181554.815:ERROR:process_reader_win.cc(123)] NtOpenThread: {无法访问} 过程已请求访问一对象，但未给访问权限。 (0xc0000022)
[1202/181554.845:ERROR:exception_snapshot_win.cc(88)] thread ID 15780 not found in process
[1202/195205.742:ERROR:process_reader_win.cc(123)] NtOpenThread: {无法访问} 过程已请求访问一对象，但未给访问权限。 (0xc0000022)
[1202/195205.756:ERROR:exception_snapshot_win.cc(88)] thread ID 7368 not found in process
[1202/195357.083:ERROR:process_reader_win.cc(123)] NtOpenThread: {无法访问} 过程已请求访问一对象，但未给访问权限。 (0xc0000022)
[1202/195357.875:ERROR:exception_snapshot_win.cc(88)] thread ID 488 not found in process
[1202/195607.403:ERROR:process_reader_win.cc(123)] NtOpenThread: {无法访问} 过程已请求访问一对象，但未给访问权限。 (0xc0000022)
[1202/195607.404:ERROR:exception_snapshot_win.cc(88)] thread ID 16432 not found in process
[1202/195816.373:ERROR:process_reader_win.cc(123)] NtOpenThread: {无法访问} 过程已请求访问一对象，但未给访问权限。 (0xc0000022)
[1202/195816.390:ERROR:exception_snapshot_win.cc(88)] thread ID 2008 not found in process
